<?xml version="1.0" encoding="UTF-8"?>
<testng-results ignored="0" total="2" passed="2" failed="0" skipped="0">
  <reporter-output>
  </reporter-output>
  <suite started-at="2023-08-15T13:58:20 ICT" name="Suite" finished-at="2023-08-15T13:58:45 ICT" duration-ms="24729">
    <groups>
      <group name="Logins">
        <method signature="LoginTest.LoginSucces(java.util.HashMap)[pri:0, instance:TDT.Tests.LoginTest@491b9b8]" name="LoginSucces" class="TDT.Tests.LoginTest"/>
      </group> <!-- Logins -->
    </groups>
    <test started-at="2023-08-15T13:58:20 ICT" name="CreateNewsTest" finished-at="2023-08-15T13:58:20 ICT" duration-ms="14">
    </test> <!-- CreateNewsTest -->
    <test started-at="2023-08-15T13:58:21 ICT" name="LoginTest" finished-at="2023-08-15T13:58:45 ICT" duration-ms="24277">
      <class name="TDT.Tests.LoginTest">
        <test-method is-config="true" signature="launchApplication()[pri:0, instance:TDT.Tests.LoginTest@491b9b8]" started-at="2023-08-15T13:58:21 ICT" name="launchApplication" finished-at="2023-08-15T13:58:28 ICT" duration-ms="6803" status="PASS">
          <reporter-output>
          </reporter-output>
        </test-method> <!-- launchApplication -->
        <test-method signature="LoginSucces(java.util.HashMap)[pri:0, instance:TDT.Tests.LoginTest@491b9b8]" started-at="2023-08-15T13:58:28 ICT" name="LoginSucces" data-provider="getData" finished-at="2023-08-15T13:58:35 ICT" duration-ms="7400" status="PASS">
          <params>
            <param index="0">
              <value>
                <![CDATA[{phone=0888700954, password=Tuanlaiduy1*}]]>
              </value>
            </param>
          </params>
          <reporter-output>
          </reporter-output>
        </test-method> <!-- LoginSucces -->
        <test-method is-config="true" signature="shutDown()[pri:0, instance:TDT.Tests.LoginTest@491b9b8]" started-at="2023-08-15T13:58:35 ICT" name="shutDown" finished-at="2023-08-15T13:58:35 ICT" duration-ms="30" status="PASS">
          <reporter-output>
          </reporter-output>
        </test-method> <!-- shutDown -->
        <test-method is-config="true" signature="launchApplication()[pri:0, instance:TDT.Tests.LoginTest@491b9b8]" started-at="2023-08-15T13:58:35 ICT" name="launchApplication" finished-at="2023-08-15T13:58:37 ICT" duration-ms="2335" status="PASS">
          <reporter-output>
          </reporter-output>
        </test-method> <!-- launchApplication -->
        <test-method signature="LoginSucces(java.util.HashMap)[pri:0, instance:TDT.Tests.LoginTest@491b9b8]" started-at="2023-08-15T13:58:37 ICT" name="LoginSucces" data-provider="getData" finished-at="2023-08-15T13:58:45 ICT" duration-ms="7395" status="PASS">
          <params>
            <param index="0">
              <value>
                <![CDATA[{phone=0902883759, password=dinhthi3105}]]>
              </value>
            </param>
          </params>
          <reporter-output>
          </reporter-output>
        </test-method> <!-- LoginSucces -->
        <test-method is-config="true" signature="shutDown()[pri:0, instance:TDT.Tests.LoginTest@491b9b8]" started-at="2023-08-15T13:58:45 ICT" name="shutDown" finished-at="2023-08-15T13:58:45 ICT" duration-ms="24" status="PASS">
          <reporter-output>
          </reporter-output>
        </test-method> <!-- shutDown -->
      </class> <!-- TDT.Tests.LoginTest -->
    </test> <!-- LoginTest -->
    <test started-at="2023-08-15T13:58:45 ICT" name="ErrorValidationsTest" finished-at="2023-08-15T13:58:45 ICT" duration-ms="1">
    </test> <!-- ErrorValidationsTest -->
  </suite> <!-- Suite -->
</testng-results>
