<?xml version="1.0" encoding="UTF-8"?>
<!-- Generated by org.testng.reporters.JUnitXMLReporter -->
<testsuite ignored="0" hostname="DESKTOP-DDKM1BA" failures="0" tests="3" name="LoginTest" time="44.714" errors="0" timestamp="2023-08-16T11:53:00 ICT">
  <testcase classname="TDT.Tests.LoginTest" name="LoginSucces" time="17.602">
    <skipped/>
  </testcase> <!-- LoginSucces -->
  <testcase classname="TDT.Tests.LoginTest" name="LoginSucces" time="7.382"/>
  <testcase classname="TDT.Tests.LoginTest" name="LoginSucces" time="7.428"/>
</testsuite> <!-- LoginTest -->
