<?xml version="1.0" encoding="UTF-8"?>
<!-- Generated by org.testng.reporters.JUnitXMLReporter -->
<testsuite ignored="0" hostname="DESKTOP-DDKM1BA" failures="0" tests="4" name="Test" time="0.578" errors="0" timestamp="2023-08-15T13:52:34 ICT">
  <testcase classname="TDT.TestComponents.BaseTest" name="@BeforeMethod launchApplication" time="0.017">
    <failure type="java.lang.NullPointerException" message="Cannot invoke &amp;quot;org.openqa.selenium.WebDriver.manage()&amp;quot; because &amp;quot;this.driver&amp;quot; is null">
      <![CDATA[java.lang.NullPointerException: Cannot invoke "org.openqa.selenium.WebDriver.manage()" because "this.driver" is null
at TDT.TestComponents.BaseTest.initializeDriver(BaseTest.java:66)
at TDT.TestComponents.BaseTest.launchApplication(BaseTest.java:96)
at java.base/java.util.concurrent.ThreadPoolExecutor.runWorker(ThreadPoolExecutor.java:1136)
at java.base/java.util.concurrent.ThreadPoolExecutor$Worker.run(ThreadPoolExecutor.java:635)
at java.base/java.lang.Thread.run(Thread.java:833)
... Removed 16 stack frames]]>
    </failure>
  </testcase> <!-- @BeforeMethod launchApplication -->
  <testcase classname="TDT.TestComponents.BaseTest" name="@BeforeMethod launchApplication" time="0.018">
    <failure type="java.lang.NullPointerException" message="Cannot invoke &amp;quot;org.openqa.selenium.WebDriver.manage()&amp;quot; because &amp;quot;this.driver&amp;quot; is null">
      <![CDATA[java.lang.NullPointerException: Cannot invoke "org.openqa.selenium.WebDriver.manage()" because "this.driver" is null
at TDT.TestComponents.BaseTest.initializeDriver(BaseTest.java:66)
at TDT.TestComponents.BaseTest.launchApplication(BaseTest.java:96)
at java.base/java.util.concurrent.ThreadPoolExecutor.runWorker(ThreadPoolExecutor.java:1136)
at java.base/java.util.concurrent.ThreadPoolExecutor$Worker.run(ThreadPoolExecutor.java:635)
at java.base/java.lang.Thread.run(Thread.java:833)
... Removed 16 stack frames]]>
    </failure>
  </testcase> <!-- @BeforeMethod launchApplication -->
  <testcase classname="TDT.TestComponents.BaseTest" name="@AfterMethod shutDown" time="0.001">
    <failure type="java.lang.NullPointerException" message="Cannot invoke &amp;quot;org.openqa.selenium.WebDriver.close()&amp;quot; because &amp;quot;this.driver&amp;quot; is null">
      <![CDATA[java.lang.NullPointerException: Cannot invoke "org.openqa.selenium.WebDriver.close()" because "this.driver" is null
at TDT.TestComponents.BaseTest.shutDown(BaseTest.java:105)
at java.base/java.util.concurrent.ThreadPoolExecutor.runWorker(ThreadPoolExecutor.java:1136)
at java.base/java.util.concurrent.ThreadPoolExecutor$Worker.run(ThreadPoolExecutor.java:635)
at java.base/java.lang.Thread.run(Thread.java:833)
... Removed 17 stack frames]]>
    </failure>
  </testcase> <!-- @AfterMethod shutDown -->
  <testcase classname="TDT.TestComponents.BaseTest" name="@AfterMethod shutDown" time="0.0">
    <failure type="java.lang.NullPointerException" message="Cannot invoke &amp;quot;org.openqa.selenium.WebDriver.close()&amp;quot; because &amp;quot;this.driver&amp;quot; is null">
      <![CDATA[java.lang.NullPointerException: Cannot invoke "org.openqa.selenium.WebDriver.close()" because "this.driver" is null
at TDT.TestComponents.BaseTest.shutDown(BaseTest.java:105)
at java.base/java.util.concurrent.ThreadPoolExecutor.runWorker(ThreadPoolExecutor.java:1136)
at java.base/java.util.concurrent.ThreadPoolExecutor$Worker.run(ThreadPoolExecutor.java:635)
at java.base/java.lang.Thread.run(Thread.java:833)
... Removed 17 stack frames]]>
    </failure>
  </testcase> <!-- @AfterMethod shutDown -->
  <testcase classname="TDT.TestComponents.BaseTest" name="@BeforeMethod launchApplication" time="0.001">
    <failure type="java.lang.NullPointerException" message="Cannot invoke &amp;quot;org.openqa.selenium.WebDriver.manage()&amp;quot; because &amp;quot;this.driver&amp;quot; is null">
      <![CDATA[java.lang.NullPointerException: Cannot invoke "org.openqa.selenium.WebDriver.manage()" because "this.driver" is null
at TDT.TestComponents.BaseTest.initializeDriver(BaseTest.java:66)
at TDT.TestComponents.BaseTest.launchApplication(BaseTest.java:96)
at java.base/java.util.concurrent.ThreadPoolExecutor.runWorker(ThreadPoolExecutor.java:1136)
at java.base/java.util.concurrent.ThreadPoolExecutor$Worker.run(ThreadPoolExecutor.java:635)
at java.base/java.lang.Thread.run(Thread.java:833)
... Removed 16 stack frames]]>
    </failure>
  </testcase> <!-- @BeforeMethod launchApplication -->
  <testcase classname="TDT.TestComponents.BaseTest" name="@AfterMethod shutDown" time="0.001">
    <failure type="java.lang.NullPointerException" message="Cannot invoke &amp;quot;org.openqa.selenium.WebDriver.close()&amp;quot; because &amp;quot;this.driver&amp;quot; is null">
      <![CDATA[java.lang.NullPointerException: Cannot invoke "org.openqa.selenium.WebDriver.close()" because "this.driver" is null
at TDT.TestComponents.BaseTest.shutDown(BaseTest.java:105)
at java.base/java.util.concurrent.ThreadPoolExecutor.runWorker(ThreadPoolExecutor.java:1136)
at java.base/java.util.concurrent.ThreadPoolExecutor$Worker.run(ThreadPoolExecutor.java:635)
at java.base/java.lang.Thread.run(Thread.java:833)
... Removed 17 stack frames]]>
    </failure>
  </testcase> <!-- @AfterMethod shutDown -->
  <testcase classname="TDT.TestComponents.BaseTest" name="@BeforeMethod launchApplication" time="0.001">
    <failure type="java.lang.NullPointerException" message="Cannot invoke &amp;quot;org.openqa.selenium.WebDriver.manage()&amp;quot; because &amp;quot;this.driver&amp;quot; is null">
      <![CDATA[java.lang.NullPointerException: Cannot invoke "org.openqa.selenium.WebDriver.manage()" because "this.driver" is null
at TDT.TestComponents.BaseTest.initializeDriver(BaseTest.java:66)
at TDT.TestComponents.BaseTest.launchApplication(BaseTest.java:96)
at java.base/java.util.concurrent.ThreadPoolExecutor.runWorker(ThreadPoolExecutor.java:1136)
at java.base/java.util.concurrent.ThreadPoolExecutor$Worker.run(ThreadPoolExecutor.java:635)
at java.base/java.lang.Thread.run(Thread.java:833)
... Removed 16 stack frames]]>
    </failure>
  </testcase> <!-- @BeforeMethod launchApplication -->
  <testcase classname="TDT.TestComponents.BaseTest" name="@AfterMethod shutDown" time="0.0">
    <failure type="java.lang.NullPointerException" message="Cannot invoke &amp;quot;org.openqa.selenium.WebDriver.close()&amp;quot; because &amp;quot;this.driver&amp;quot; is null">
      <![CDATA[java.lang.NullPointerException: Cannot invoke "org.openqa.selenium.WebDriver.close()" because "this.driver" is null
at TDT.TestComponents.BaseTest.shutDown(BaseTest.java:105)
at java.base/java.util.concurrent.ThreadPoolExecutor.runWorker(ThreadPoolExecutor.java:1136)
at java.base/java.util.concurrent.ThreadPoolExecutor$Worker.run(ThreadPoolExecutor.java:635)
at java.base/java.lang.Thread.run(Thread.java:833)
... Removed 17 stack frames]]>
    </failure>
  </testcase> <!-- @AfterMethod shutDown -->
  <testcase classname="TDT.Tests.CreateNewsTest" name="createNew" time="0.001">
    <skipped/>
  </testcase> <!-- createNew -->
  <testcase classname="TDT.Tests.ErrorValidationsTest" name="errorValidationLogin" time="0.0">
    <skipped/>
  </testcase> <!-- errorValidationLogin -->
  <testcase classname="TDT.Tests.LoginTest" name="LoginSucces" time="0.0">
    <skipped/>
  </testcase> <!-- LoginSucces -->
  <testcase classname="TDT.Tests.LoginTest" name="LoginSucces" time="0.0">
    <skipped/>
  </testcase> <!-- LoginSucces -->
</testsuite> <!-- Test -->
