<?xml version="1.0" encoding="UTF-8"?>
<testng-results ignored="0" total="2" passed="2" failed="0" skipped="0">
  <reporter-output>
  </reporter-output>
  <suite started-at="2023-08-16T17:00:00 ICT" name="Default suite" finished-at="2023-08-16T17:00:25 ICT" duration-ms="25072">
    <groups>
    </groups>
    <test started-at="2023-08-16T17:00:00 ICT" name="Default test" finished-at="2023-08-16T17:00:25 ICT" duration-ms="25072">
      <class name="TDT.excelDataProvider.dataProvide">
        <test-method is-config="true" signature="launchApplication()[pri:0, instance:TDT.excelDataProvider.dataProvide@5d99c6b5]" started-at="2023-08-16T17:00:00 ICT" name="launchApplication" finished-at="2023-08-16T17:00:06 ICT" duration-ms="6130" status="PASS">
          <reporter-output>
          </reporter-output>
        </test-method> <!-- launchApplication -->
        <test-method signature="login_With_Excel_Data(java.lang.String,java.lang.String)[pri:0, instance:TDT.excelDataProvider.dataProvide@5d99c6b5]" started-at="2023-08-16T17:00:06 ICT" name="login_With_Excel_Data" data-provider="driverTest" finished-at="2023-08-16T17:00:14 ICT" duration-ms="7442" status="PASS">
          <params>
            <param index="0">
              <value>
                <![CDATA[0888700954]]>
              </value>
            </param>
            <param index="1">
              <value>
                <![CDATA[Tuanlaiduy1*]]>
              </value>
            </param>
          </params>
          <reporter-output>
          </reporter-output>
        </test-method> <!-- login_With_Excel_Data -->
        <test-method is-config="true" signature="shutDown()[pri:0, instance:TDT.excelDataProvider.dataProvide@5d99c6b5]" started-at="2023-08-16T17:00:14 ICT" name="shutDown" finished-at="2023-08-16T17:00:14 ICT" duration-ms="125" status="PASS">
          <reporter-output>
          </reporter-output>
        </test-method> <!-- shutDown -->
        <test-method is-config="true" signature="launchApplication()[pri:0, instance:TDT.excelDataProvider.dataProvide@5d99c6b5]" started-at="2023-08-16T17:00:14 ICT" name="launchApplication" finished-at="2023-08-16T17:00:17 ICT" duration-ms="3100" status="PASS">
          <reporter-output>
          </reporter-output>
        </test-method> <!-- launchApplication -->
        <test-method signature="login_With_Excel_Data(java.lang.String,java.lang.String)[pri:0, instance:TDT.excelDataProvider.dataProvide@5d99c6b5]" started-at="2023-08-16T17:00:17 ICT" name="login_With_Excel_Data" data-provider="driverTest" finished-at="2023-08-16T17:00:25 ICT" duration-ms="7376" status="PASS">
          <params>
            <param index="0">
              <value>
                <![CDATA[0902883759]]>
              </value>
            </param>
            <param index="1">
              <value>
                <![CDATA[dinhthi3105]]>
              </value>
            </param>
          </params>
          <reporter-output>
          </reporter-output>
        </test-method> <!-- login_With_Excel_Data -->
        <test-method is-config="true" signature="shutDown()[pri:0, instance:TDT.excelDataProvider.dataProvide@5d99c6b5]" started-at="2023-08-16T17:00:25 ICT" name="shutDown" finished-at="2023-08-16T17:00:25 ICT" duration-ms="103" status="PASS">
          <reporter-output>
          </reporter-output>
        </test-method> <!-- shutDown -->
      </class> <!-- TDT.excelDataProvider.dataProvide -->
    </test> <!-- Default test -->
  </suite> <!-- Default suite -->
</testng-results>
